XYZReader/build/outputs/logs/manifest-merger-debug-report.txt
-- Merging decision tree log ---
manifest
ADDED from src\main\AndroidManifest.xml:1:1-47:12
	package
		ADDED from src\main\AndroidManifest.xml:2:5-36
	android:versionName
		ADDED from src\main\AndroidManifest.xml:4:5-30
		INJECTED from src\main\AndroidManifest.xml
		INJECTED from src\main\AndroidManifest.xml
	android:versionCode
		ADDED from src\main\AndroidManifest.xml:3:5-28
		INJECTED from src\main\AndroidManifest.xml
		INJECTED from src\main\AndroidManifest.xml
	xmlns:android
		ADDED from src\main\AndroidManifest.xml:1:11-69
uses-permission#android.permission.INTERNET
ADDED from src\main\AndroidManifest.xml:6:5-67
	android:name
		ADDED from src\main\AndroidManifest.xml:6:22-64
uses-permission#android.permission.WRITE_EXTERNAL_STORAGE
ADDED from src\main\AndroidManifest.xml:7:5-81
	android:name
		ADDED from src\main\AndroidManifest.xml:7:22-78
uses-permission#android.permission.BROADCAST_STICKY
ADDED from src\main\AndroidManifest.xml:8:5-75
	android:name
		ADDED from src\main\AndroidManifest.xml:8:22-72
uses-permission#android.permission.ACCESS_NETWORK_STATE
ADDED from src\main\AndroidManifest.xml:9:5-79
	android:name
		ADDED from src\main\AndroidManifest.xml:9:22-76
application
ADDED from src\main\AndroidManifest.xml:11:5-45:19
MERGED from [com.android.support:support-v13:26.0.0-alpha1] AndroidManifest.xml:29:5-20
MERGED from [com.android.support:palette-v7:26.0.0-alpha1] AndroidManifest.xml:26:5-20
MERGED from [com.android.support:cardview-v7:26.0.0-alpha1] AndroidManifest.xml:26:5-20
MERGED from [com.android.support:design:26.0.0-alpha1] AndroidManifest.xml:29:5-20
MERGED from [com.android.support:appcompat-v7:26.0.0-alpha1] AndroidManifest.xml:29:5-20
MERGED from [com.android.support:animated-vector-drawable:26.0.0-alpha1] AndroidManifest.xml:26:5-20
MERGED from [com.android.support:support-vector-drawable:26.0.0-alpha1] AndroidManifest.xml:26:5-20
MERGED from [com.android.support:transition:26.0.0-alpha1] AndroidManifest.xml:26:5-20
MERGED from [com.android.support:support-v4:26.0.0-alpha1] AndroidManifest.xml:29:5-20
MERGED from [com.android.support:support-media-compat:26.0.0-alpha1] AndroidManifest.xml:29:5-20
MERGED from [com.android.support:support-fragment:26.0.0-alpha1] AndroidManifest.xml:29:5-20
MERGED from [com.android.support:support-core-ui:26.0.0-alpha1] AndroidManifest.xml:29:5-20
MERGED from [com.android.support:support-core-utils:26.0.0-alpha1] AndroidManifest.xml:29:5-20
MERGED from [com.android.support:support-compat:26.0.0-alpha1] AndroidManifest.xml:29:5-20
	android:label
		ADDED from src\main\AndroidManifest.xml:14:9-41
	android:allowBackup
		ADDED from src\main\AndroidManifest.xml:12:9-35
	android:icon
		ADDED from src\main\AndroidManifest.xml:13:9-43
	android:theme
		ADDED from src\main\AndroidManifest.xml:15:9-40
activity#com.example.xyzreader.ui.ArticleListActivity
ADDED from src\main\AndroidManifest.xml:16:9-23:20
	android:label
		ADDED from src\main\AndroidManifest.xml:18:13-45
	android:name
		ADDED from src\main\AndroidManifest.xml:17:13-51
intent-filter#android.intent.action.MAIN+android.intent.category.LAUNCHER
ADDED from src\main\AndroidManifest.xml:19:13-22:29
action#android.intent.action.MAIN
ADDED from src\main\AndroidManifest.xml:20:17-69
	android:name
		ADDED from src\main\AndroidManifest.xml:20:25-66
category#android.intent.category.LAUNCHER
ADDED from src\main\AndroidManifest.xml:21:17-77
	android:name
		ADDED from src\main\AndroidManifest.xml:21:27-74
activity#com.example.xyzreader.ui.ArticleDetailActivity
ADDED from src\main\AndroidManifest.xml:25:9-36:20
	android:parentActivityName
		ADDED from src\main\AndroidManifest.xml:27:13-65
	android:name
		ADDED from src\main\AndroidManifest.xml:26:13-53
intent-filter#android.intent.action.VIEW+android.intent.category.DEFAULT
ADDED from src\main\AndroidManifest.xml:28:13-32:29
action#android.intent.action.VIEW
ADDED from src\main\AndroidManifest.xml:29:17-69
	android:name
		ADDED from src\main\AndroidManifest.xml:29:25-66
category#android.intent.category.DEFAULT
ADDED from src\main\AndroidManifest.xml:30:17-76
	android:name
		ADDED from src\main\AndroidManifest.xml:30:27-73
data
ADDED from src\main\AndroidManifest.xml:31:17-100
	android:mimeType
		ADDED from src\main\AndroidManifest.xml:31:23-97
meta-data#android.support.PARENT_ACTIVITY
ADDED from src\main\AndroidManifest.xml:33:13-35:59
	android:value
		ADDED from src\main\AndroidManifest.xml:35:17-56
	android:name
		ADDED from src\main\AndroidManifest.xml:34:17-63
service#com.example.xyzreader.data.UpdaterService
ADDED from src\main\AndroidManifest.xml:38:9-39:40
	android:exported
		ADDED from src\main\AndroidManifest.xml:39:13-37
	android:name
		ADDED from src\main\AndroidManifest.xml:38:18-53
provider#com.example.xyzreader.data.ItemsProvider
ADDED from src\main\AndroidManifest.xml:41:9-43:40
	android:authorities
		ADDED from src\main\AndroidManifest.xml:42:13-56
	android:exported
		ADDED from src\main\AndroidManifest.xml:43:13-37
	android:name
		ADDED from src\main\AndroidManifest.xml:41:19-53
uses-sdk
INJECTED from src\main\AndroidManifest.xml reason: use-sdk injection requested
MERGED from [com.android.support:support-v13:26.0.0-alpha1] AndroidManifest.xml:21:5-23:55
MERGED from [com.android.support:palette-v7:26.0.0-alpha1] AndroidManifest.xml:20:5-44
MERGED from [com.android.support:cardview-v7:26.0.0-alpha1] AndroidManifest.xml:20:5-44
MERGED from [com.android.support:design:26.0.0-alpha1] AndroidManifest.xml:21:5-23:62
MERGED from [com.android.support:appcompat-v7:26.0.0-alpha1] AndroidManifest.xml:21:5-23:78
MERGED from [com.android.support:animated-vector-drawable:26.0.0-alpha1] AndroidManifest.xml:20:5-44
MERGED from [com.android.support:support-vector-drawable:26.0.0-alpha1] AndroidManifest.xml:20:5-44
MERGED from [com.android.support:recyclerview-v7:26.0.0-alpha1] AndroidManifest.xml:20:5-44
MERGED from [com.android.support:transition:26.0.0-alpha1] AndroidManifest.xml:20:5-44
MERGED from [com.android.support:support-v4:26.0.0-alpha1] AndroidManifest.xml:21:5-23:54
MERGED from [com.android.support:support-media-compat:26.0.0-alpha1] AndroidManifest.xml:21:5-23:63
MERGED from [com.android.support:support-fragment:26.0.0-alpha1] AndroidManifest.xml:21:5-23:60
MERGED from [com.android.support:support-core-ui:26.0.0-alpha1] AndroidManifest.xml:21:5-23:58
MERGED from [com.android.support:support-core-utils:26.0.0-alpha1] AndroidManifest.xml:21:5-23:61
MERGED from [com.android.support:support-compat:26.0.0-alpha1] AndroidManifest.xml:21:5-23:58
	tools:overrideLibrary
		ADDED from [com.android.support:support-v13:26.0.0-alpha1] AndroidManifest.xml:23:9-52
	android:targetSdkVersion
		INJECTED from src\main\AndroidManifest.xml
		INJECTED from src\main\AndroidManifest.xml
	android:minSdkVersion
		INJECTED from src\main\AndroidManifest.xml
		INJECTED from src\main\AndroidManifest.xml
meta-data#android.support.VERSION
ADDED from [com.android.support:support-v13:26.0.0-alpha1] AndroidManifest.xml:25:5-27:41
MERGED from [com.android.support:palette-v7:26.0.0-alpha1] AndroidManifest.xml:22:5-24:41
MERGED from [com.android.support:cardview-v7:26.0.0-alpha1] AndroidManifest.xml:22:5-24:41
MERGED from [com.android.support:design:26.0.0-alpha1] AndroidManifest.xml:25:5-27:41
MERGED from [com.android.support:appcompat-v7:26.0.0-alpha1] AndroidManifest.xml:25:5-27:41
MERGED from [com.android.support:animated-vector-drawable:26.0.0-alpha1] AndroidManifest.xml:22:5-24:41
MERGED from [com.android.support:support-vector-drawable:26.0.0-alpha1] AndroidManifest.xml:22:5-24:41
MERGED from [com.android.support:recyclerview-v7:26.0.0-alpha1] AndroidManifest.xml:22:5-24:41
MERGED from [com.android.support:transition:26.0.0-alpha1] AndroidManifest.xml:22:5-24:41
MERGED from [com.android.support:support-v4:26.0.0-alpha1] AndroidManifest.xml:25:5-27:41
MERGED from [com.android.support:support-media-compat:26.0.0-alpha1] AndroidManifest.xml:25:5-27:41
MERGED from [com.android.support:support-fragment:26.0.0-alpha1] AndroidManifest.xml:25:5-27:41
MERGED from [com.android.support:support-core-ui:26.0.0-alpha1] AndroidManifest.xml:25:5-27:41
MERGED from [com.android.support:support-core-utils:26.0.0-alpha1] AndroidManifest.xml:25:5-27:41
MERGED from [com.android.support:support-compat:26.0.0-alpha1] AndroidManifest.xml:25:5-27:41
	android:value
		ADDED from [com.android.support:support-v13:26.0.0-alpha1] AndroidManifest.xml:27:9-38
	android:name
		ADDED from [com.android.support:support-v13:26.0.0-alpha1] AndroidManifest.xml:26:9-47